<?xml version="1.0" encoding="UTF-8"?>
<!-- Generated by org.testng.reporters.JUnitReportReporter -->
<testsuite hostname="DESKTOP-GONR8HU" failures="0" tests="1" name="JAVA.SS" time="11.554" errors="0" timestamp="2024-03-07T19:17:47 EET" skipped="0">
  <testcase classname="JAVA.SS" name="MyTest" time="11.554"/>
  <system-out/>
</testsuite> <!-- JAVA.SS -->
